0 info it worked if it ends with ok
1 verbose cli [ '/Users/nunokawa/.nodebrew/node/v5.0.0/bin/node',
1 verbose cli   '/Users/nunokawa/.nodebrew/current/bin/npm',
1 verbose cli   'publish' ]
2 info using npm@3.3.6
3 info using node@v5.0.0
4 verbose publish [ '.' ]
5 silly cache add args [ '.', null ]
6 verbose cache add spec .
7 silly cache add parsed spec Result {
7 silly cache add   raw: '.',
7 silly cache add   scope: null,
7 silly cache add   name: null,
7 silly cache add   rawSpec: '.',
7 silly cache add   spec: '/Users/nunokawa/Documents/ynunokawa.git/hubot-spatial',
7 silly cache add   type: 'directory' }
8 verbose addLocalDirectory /Users/nunokawa/.npm/hubot-spatial/0.1.0/package.tgz not in flight; packing
9 info lifecycle hubot-spatial@0.1.0~prepublish: hubot-spatial@0.1.0
10 silly lifecycle hubot-spatial@0.1.0~prepublish: no script for prepublish, continuing
11 verbose tar pack [ '/Users/nunokawa/.npm/hubot-spatial/0.1.0/package.tgz',
11 verbose tar pack   '/Users/nunokawa/Documents/ynunokawa.git/hubot-spatial' ]
12 verbose tarball /Users/nunokawa/.npm/hubot-spatial/0.1.0/package.tgz
13 verbose folder /Users/nunokawa/Documents/ynunokawa.git/hubot-spatial
14 verbose addLocalTarball adding from inside cache /Users/nunokawa/.npm/hubot-spatial/0.1.0/package.tgz
15 silly cache afterAdd hubot-spatial@0.1.0
16 verbose afterAdd /Users/nunokawa/.npm/hubot-spatial/0.1.0/package/package.json not in flight; writing
17 verbose afterAdd /Users/nunokawa/.npm/hubot-spatial/0.1.0/package/package.json written
18 silly publish { name: 'hubot-spatial',
18 silly publish   version: '0.1.0',
18 silly publish   private: true,
18 silly publish   author: { name: 'Yusuke Nunokawa', email: 'ynunokawa.dev@gmail.com' },
18 silly publish   description: 'It informs where nearby spots are for your team',
18 silly publish   license: 'MIT',
18 silly publish   keywords:
18 silly publish    [ 'hubot',
18 silly publish      'hubot-scripts',
18 silly publish      'leaflet',
18 silly publish      'spatial',
18 silly publish      'search',
18 silly publish      'geocoding' ],
18 silly publish   repository:
18 silly publish    { type: 'git',
18 silly publish      url: 'git+https://github.com/ynunokawa/hubot-spatial.git' },
18 silly publish   bugs: { url: 'https://github.com/ynunokawa/hubot-spatial/issues' },
18 silly publish   dependencies:
18 silly publish    { hubot: '^2.19.0',
18 silly publish      'hubot-diagnostics': '0.0.1',
18 silly publish      'hubot-google-images': '^0.2.6',
18 silly publish      'hubot-google-translate': '^0.2.0',
18 silly publish      'hubot-help': '^0.2.0',
18 silly publish      'hubot-heroku-keepalive': '^1.0.2',
18 silly publish      'hubot-maps': '0.0.2',
18 silly publish      'hubot-pugme': '^0.1.0',
18 silly publish      'hubot-redis-brain': '0.0.3',
18 silly publish      'hubot-rules': '^0.1.1',
18 silly publish      'hubot-scripts': '^2.17.2',
18 silly publish      'hubot-shipit': '^0.2.0',
18 silly publish      'hubot-slack': '^4.0.2' },
18 silly publish   engines: { node: '0.10.x' },
18 silly publish   readme: '# hubot-spatial\n\nI (=hubot) inform where nearby spots are to provide a path to map for your team.\n\nThis map can show you the place and spots with lat/lng in URL parameter.\n\nSee [`scripts/spatial.coffee`](https://github.com/ynunokawa/hubot-spatial/blob/master/script/spatial.coffee) to know me.\n\n![](images/hubot-spatial.jpg)\n\n## Installation\n\n`npm i hubot-spatial --save`\n\n## Configuration\n\nYou can change a data provider to give a location of spots. The spots is [free wifi points in Japan](http://opendata.arcgis.com/datasets/fa3f0767bdaa4cd8996d3c737aec2dd1_0) as defaut.\n\n- Fork [the gist](https://gist.github.com/ynunokawa/8ec5c70d089a55bcabf7e3fd5dce9e39)\n- Change the code for REST URL ([ArcGIS Feature Layer](http://doc.arcgis.com/arcgis-online/share-maps/publish-features.htm)) to provide a data and a field name for title in your gist\n```js\nvar titleFieldName = \'field name for title\';\n...\nvar query = L.esri.query({\n\turl: \'your service URL\'\n});\n```\n- Change the code for path to map and in [`scripts/spatial.coffee`](https://github.com/ynunokawa/hubot-spatial/blob/master/script/spatial.coffee)\n```coffee\nappUrl = \'https://bl.ocks.org/username/raw/gistid/?lat=\' + json.candidates[0].location.y + \'&lng=\' + json.candidates[0].location.x\n```\n\n## Interaction\n\n```\nyou> 探して 東京都墨田区押上1-1-2\nhubot> 東京都墨田区押上1-1-2周辺の無料 wifi スポットだよ！\n[https://bl.ocks.org/ynunokawa/raw/8ec5c70d089a55bcabf7e3fd5dce9e39/?lat=35.71001678400046&lng=139.81074581000053](https://bl.ocks.org/ynunokawa/raw/8ec5c70d089a55bcabf7e3fd5dce9e39/?lat=35.71001678400046&lng=139.81074581000053)\nyou> 探して 渋谷駅\nhubot> 渋谷駅周辺の無料 wifi スポットだよ！\n[https://bl.ocks.org/ynunokawa/raw/8ec5c70d089a55bcabf7e3fd5dce9e39/?lat=35.659278473000484&lng=139.70251653400055](https://bl.ocks.org/ynunokawa/raw/8ec5c70d089a55bcabf7e3fd5dce9e39/?lat=35.659278473000484&lng=139.70251653400055)\n```\n',
18 silly publish   readmeFilename: 'README.md',
18 silly publish   gitHead: '157d10138293098f942f77b01dae5e73742f7eb0',
18 silly publish   homepage: 'https://github.com/ynunokawa/hubot-spatial#readme',
18 silly publish   _id: 'hubot-spatial@0.1.0',
18 silly publish   scripts: {},
18 silly publish   _shasum: 'c4c816b3dc76776eca9b85386453296f46ffad2d',
18 silly publish   _from: '.' }
19 verbose getPublishConfig undefined
20 verbose stack Error: This package has been marked as private
20 verbose stack Remove the 'private' field from the package.json to publish it.
20 verbose stack     at publish_ (/Users/nunokawa/.nodebrew/node/v5.0.0/lib/node_modules/npm/lib/publish.js:100:15)
20 verbose stack     at Array.<anonymous> (/Users/nunokawa/.nodebrew/node/v5.0.0/lib/node_modules/npm/node_modules/slide/lib/bind-actor.js:15:8)
20 verbose stack     at LOOP (/Users/nunokawa/.nodebrew/node/v5.0.0/lib/node_modules/npm/node_modules/slide/lib/chain.js:15:14)
20 verbose stack     at LOOP (/Users/nunokawa/.nodebrew/node/v5.0.0/lib/node_modules/npm/node_modules/slide/lib/chain.js:14:28)
20 verbose stack     at chain (/Users/nunokawa/.nodebrew/node/v5.0.0/lib/node_modules/npm/node_modules/slide/lib/chain.js:20:5)
20 verbose stack     at /Users/nunokawa/.nodebrew/node/v5.0.0/lib/node_modules/npm/lib/publish.js:72:5
20 verbose stack     at RES (/Users/nunokawa/.nodebrew/node/v5.0.0/lib/node_modules/npm/node_modules/inflight/inflight.js:23:14)
20 verbose stack     at f (/Users/nunokawa/.nodebrew/node/v5.0.0/lib/node_modules/npm/node_modules/once/once.js:17:25)
20 verbose stack     at /Users/nunokawa/.nodebrew/node/v5.0.0/lib/node_modules/npm/lib/cache.js:362:16
20 verbose stack     at /Users/nunokawa/.nodebrew/node/v5.0.0/lib/node_modules/npm/node_modules/write-file-atomic/index.js:29:15
21 verbose cwd /Users/nunokawa/Documents/ynunokawa.git/hubot-spatial
22 error Darwin 14.5.0
23 error argv "/Users/nunokawa/.nodebrew/node/v5.0.0/bin/node" "/Users/nunokawa/.nodebrew/current/bin/npm" "publish"
24 error node v5.0.0
25 error npm  v3.3.6
26 error This package has been marked as private
26 error Remove the 'private' field from the package.json to publish it.
27 error If you need help, you may report this error at:
27 error     <https://github.com/npm/npm/issues>
28 verbose exit [ 1, true ]
